<?xml version="1.0" encoding="UTF-8"?>
<!-- Generated by org.testng.reporters.JUnitReportReporter -->
<testsuite hostname="DESKTOP-NVBV6LU" failures="0" tests="1" name="testScript.Translation_Test" time="3.743" errors="0" timestamp="2023-01-13T13:10:25 IST" skipped="0">
  <testcase classname="testScript.Translation_Test" name="isTranslation_Complete" time="3.743"/>
  <system-out/>
</testsuite> <!-- testScript.Translation_Test -->
